c:\users\paulo\documents\github\aeds\aedsproject\aedsproject\debug\vc141.pdb
c:\users\paulo\documents\github\aeds\aedsproject\aedsproject\debug\vc141.idb
c:\users\paulo\documents\github\aeds\aedsproject\aedsproject\debug\main.obj
c:\users\paulo\documents\github\aeds\aedsproject\aedsproject\debug\listf.obj
c:\users\paulo\documents\github\aeds\aedsproject\aedsproject\debug\listde.obj
c:\users\paulo\documents\github\aeds\aedsproject\aedsproject\debug\dclist.obj
c:\users\paulo\documents\github\aeds\aedsproject\aedsproject\debug\batteryc.obj
c:\users\paulo\documents\github\aeds\aedsproject\aedsproject\debug\battery.obj
c:\users\paulo\documents\github\aeds\aedsproject\aedsproject\debug\aedsproject.pch
c:\users\paulo\documents\github\aeds\aedsproject\aedsproject\debug\stdafx.obj
c:\users\paulo\documents\github\aeds\aedsproject\debug\aedsproject.pdb
c:\users\paulo\documents\github\aeds\aedsproject\aedsproject\debug\aedsproject.tlog\cl.command.1.tlog
c:\users\paulo\documents\github\aeds\aedsproject\aedsproject\debug\aedsproject.tlog\cl.read.1.tlog
c:\users\paulo\documents\github\aeds\aedsproject\aedsproject\debug\aedsproject.tlog\cl.write.1.tlog
c:\users\paulo\documents\github\aeds\aedsproject\aedsproject\debug\aedsproject.tlog\link-cvtres.read.1.tlog
c:\users\paulo\documents\github\aeds\aedsproject\aedsproject\debug\aedsproject.tlog\link-cvtres.write.1.tlog
c:\users\paulo\documents\github\aeds\aedsproject\aedsproject\debug\aedsproject.tlog\link-rc.read.1.tlog
c:\users\paulo\documents\github\aeds\aedsproject\aedsproject\debug\aedsproject.tlog\link-rc.write.1.tlog
c:\users\paulo\documents\github\aeds\aedsproject\aedsproject\debug\aedsproject.tlog\link.command.1.tlog
c:\users\paulo\documents\github\aeds\aedsproject\aedsproject\debug\aedsproject.tlog\link.read.1.tlog
c:\users\paulo\documents\github\aeds\aedsproject\aedsproject\debug\aedsproject.tlog\link.write.1.tlog
